<?xml version="1.0" encoding="UTF-8"?>
<testsuite xmlns:xsi="http://www.w3.org/2001/XMLSchema-instance" xsi:noNamespaceSchemaLocation="https://maven.apache.org/surefire/maven-surefire-plugin/xsd/surefire-test-report.xsd" version="3.0.2" name="TestCalcClient" time="1.798" tests="8" errors="0" skipped="0" failures="0">
  <properties>
[...]
</properties>
  <testcase name="singleClientOperations" classname="TestCalcClient" time="0.063">
    <system-out><![CDATA[[SERVER] - Client 1139b4de-72c9-4c7d-bfcf-f03cda80e36f || pushed: 19
[SERVER] - Client 1139b4de-72c9-4c7d-bfcf-f03cda80e36f || pushed: 10
[SERVER] - Client 1139b4de-72c9-4c7d-bfcf-f03cda80e36f || lcm || Res: 190
[SERVER] - Client 1139b4de-72c9-4c7d-bfcf-f03cda80e36f || Popped 190 from its calculator stack
[SERVER] - Client 1139b4de-72c9-4c7d-bfcf-f03cda80e36f || pushed: 20
[SERVER] - Client 1139b4de-72c9-4c7d-bfcf-f03cda80e36f || pushed: 30
[SERVER] - Client 1139b4de-72c9-4c7d-bfcf-f03cda80e36f || gcd || Res: 10
[SERVER] - Client 1139b4de-72c9-4c7d-bfcf-f03cda80e36f || Popped 10 from its calculator stack
[SERVER] - Client 1139b4de-72c9-4c7d-bfcf-f03cda80e36f || pushed: 10
[SERVER] - Client 1139b4de-72c9-4c7d-bfcf-f03cda80e36f || pushed: -1019
[SERVER] - Client 1139b4de-72c9-4c7d-bfcf-f03cda80e36f || min || Res: -1019
[SERVER] - Client 1139b4de-72c9-4c7d-bfcf-f03cda80e36f || Popped -1019 from its calculator stack
[SERVER] - Client 1139b4de-72c9-4c7d-bfcf-f03cda80e36f || pushed: -7
[SERVER] - Client 1139b4de-72c9-4c7d-bfcf-f03cda80e36f || pushed: -892
[SERVER] - Client 1139b4de-72c9-4c7d-bfcf-f03cda80e36f || max || Res: -7
[SERVER] - Client 1139b4de-72c9-4c7d-bfcf-f03cda80e36f || Popped -7 from its calculator stack
]]></system-out>
  </testcase>
  <testcase name="MultipleClientsDelayPop" classname="TestCalcClient" time="1.009">
    <system-out><![CDATA[[SERVER] - Client c2eac3e3-78f5-47e9-916d-fd49817b0d1c || pushed: 10
[SERVER] - Client 32a9e53d-d523-4e9d-a9d7-e53e9c6d6b08 || pushed: 20
[SERVER] - Client c2eac3e3-78f5-47e9-916d-fd49817b0d1c || delayPop called || Thread-1 sleeping for 500 milliseconds
[SERVER] - Client c2eac3e3-78f5-47e9-916d-fd49817b0d1c || Popped 10 from its calculator stack
[SERVER] - Client 32a9e53d-d523-4e9d-a9d7-e53e9c6d6b08 || delayPop called || Thread-2 sleeping for 1000 milliseconds
[SERVER] - Client 32a9e53d-d523-4e9d-a9d7-e53e9c6d6b08 || Popped 20 from its calculator stack
]]></system-out>
  </testcase>
  <testcase name="singleClientPushPop" classname="TestCalcClient" time="0.004">
    <system-out><![CDATA[[SERVER] - Client 51ee876f-8fa6-47e0-9825-836e9035930b || pushed: 10
[SERVER] - Client 51ee876f-8fa6-47e0-9825-836e9035930b || pushed: 20
[SERVER] - Client 51ee876f-8fa6-47e0-9825-836e9035930b || Popped 20 from its calculator stack
[SERVER] - Client 51ee876f-8fa6-47e0-9825-836e9035930b || Popped 10 from its calculator stack
]]></system-out>
  </testcase>
  <testcase name="singleClientDelayPop" classname="TestCalcClient" time="0.505">
    <system-out><![CDATA[[SERVER] - Client ac6b9771-4e6c-4bec-9edd-4fd94e9995a1 || pushed: 10
[SERVER] - Client ac6b9771-4e6c-4bec-9edd-4fd94e9995a1 || delayPop called || main sleeping for 500 milliseconds
[SERVER] - Client ac6b9771-4e6c-4bec-9edd-4fd94e9995a1 || Popped 10 from its calculator stack
]]></system-out>
  </testcase>
  <testcase name="multipleClientsOperations" classname="TestCalcClient" time="0.004">
    <system-out><![CDATA[[SERVER] - Client 951238bb-139c-4068-ad60-712aa7569b7a || pushed: 10
[SERVER] - Client 4721e8b7-f05c-4738-b332-66c281252e14 || pushed: 20
[SERVER] - Client 4721e8b7-f05c-4738-b332-66c281252e14 || pushed: 18
[SERVER] - Client 951238bb-139c-4068-ad60-712aa7569b7a || pushed: 30
[SERVER] - Client 951238bb-139c-4068-ad60-712aa7569b7a || lcm || Res: 30
[SERVER] - Client 4721e8b7-f05c-4738-b332-66c281252e14 || gcd || Res: 2
[SERVER] - Client 951238bb-139c-4068-ad60-712aa7569b7a || Popped 30 from its calculator stack
[SERVER] - Client 4721e8b7-f05c-4738-b332-66c281252e14 || Popped 2 from its calculator stack
]]></system-out>
  </testcase>
  <testcase name="emptyPop" classname="TestCalcClient" time="0.006"/>
  <testcase name="multipleClientsIndependence" classname="TestCalcClient" time="0.004">
    <system-out><![CDATA[[SERVER] - Client 849a1009-d347-4bb0-ab11-3b8c8b1ead4d || pushed: 10
[SERVER] - Client acfed32f-dcbb-4191-bacf-679386df6989 || pushed: 20
[SERVER] - Client 849a1009-d347-4bb0-ab11-3b8c8b1ead4d || pushed: 30
[SERVER] - Client 849a1009-d347-4bb0-ab11-3b8c8b1ead4d || Popped 30 from its calculator stack
[SERVER] - Client acfed32f-dcbb-4191-bacf-679386df6989 || Popped 20 from its calculator stack
[SERVER] - Client 849a1009-d347-4bb0-ab11-3b8c8b1ead4d || Popped 10 from its calculator stack
]]></system-out>
  </testcase>
  <testcase name="MultipleClientsPushPop" classname="TestCalcClient" time="0.004">
    <system-out><![CDATA[[SERVER] - Client 4397c0f3-4b12-4f16-ad48-80c47e8197b6 || pushed: 10
[SERVER] - Client b2a1a40e-d499-452e-ac50-9a6ef984406d || pushed: 20
[SERVER] - Client 4397c0f3-4b12-4f16-ad48-80c47e8197b6 || pushed: 30
[SERVER] - Client 4397c0f3-4b12-4f16-ad48-80c47e8197b6 || min || Res: 10
[SERVER] - Client 4397c0f3-4b12-4f16-ad48-80c47e8197b6 || Popped 10 from its calculator stack
[SERVER] - Client b2a1a40e-d499-452e-ac50-9a6ef984406d || Popped 20 from its calculator stack
]]></system-out>
  </testcase>
</testsuite>